\BOOKMARK [1][-]{section.1}{Introduction\040and\040Motivation}{}% 1
\BOOKMARK [2][-]{subsection.1.1}{Driverless\040Cars\040Revolution}{section.1}% 2
\BOOKMARK [3][-]{subsubsection.1.1.1}{Current\040development\040of\040autonomous\040cars}{subsection.1.1}% 3
\BOOKMARK [3][-]{subsubsection.1.1.2}{Views\040on\040the\040future}{subsection.1.1}% 4
\BOOKMARK [3][-]{subsubsection.1.1.3}{Directions\040of\040research\040in\040Autonomous\040Cars}{subsection.1.1}% 5
\BOOKMARK [2][-]{subsection.1.2}{Implications\040of\040Autonomous\040Cars\040revolution}{section.1}% 6
\BOOKMARK [3][-]{subsubsection.1.2.1}{Implications\040of\040autonomous\040cars\040revolution\(including\040increased\040demand\)}{subsection.1.2}% 7
\BOOKMARK [3][-]{subsubsection.1.2.2}{How\040people\040will\040cooperate\040with\040autonomous\040cars,\040Conflicts,\040collisions\040and\040interactions\040on\040the\040road}{subsection.1.2}% 8
\BOOKMARK [2][-]{subsection.1.3}{Main\040Challenges\040to\040bring\040Autonomous\040Car\040to\040the\040roads}{section.1}% 9
\BOOKMARK [3][-]{subsubsection.1.3.1}{Law\040regulations\040on\040autonomous\040driving}{subsection.1.3}% 10
\BOOKMARK [3][-]{subsubsection.1.3.2}{Safety}{subsection.1.3}% 11
\BOOKMARK [3][-]{subsubsection.1.3.3}{Public\040acceptance\040of\040autonomous\040driving}{subsection.1.3}% 12
\BOOKMARK [2][-]{subsection.1.4}{Gap\040in\040the\040research,\040this\040project}{section.1}% 13
\BOOKMARK [2][-]{subsection.1.5}{Experiment}{section.1}% 14
\BOOKMARK [3][-]{subsubsection.1.5.1}{will\040be\040tested,\040how\040and\040why}{subsection.1.5}% 15
\BOOKMARK [3][-]{subsubsection.1.5.2}{Initial\040requirements}{subsection.1.5}% 16
\BOOKMARK [3][-]{subsubsection.1.5.3}{Experiment\040design,\040real\040world\040research}{subsection.1.5}% 17
\BOOKMARK [3][-]{subsubsection.1.5.4}{How\040scope\040was\040reduced}{subsection.1.5}% 18
\BOOKMARK [2][-]{subsection.1.6}{Roadmap}{section.1}% 19
\BOOKMARK [1][-]{section.2}{Software\040engineering}{}% 20
\BOOKMARK [2][-]{subsection.2.1}{Environment\040choice}{section.2}% 21
\BOOKMARK [2][-]{subsection.2.2}{Software\040architecture}{section.2}% 22
\BOOKMARK [2][-]{subsection.2.3}{Simulation\040Server\040Application\040design}{section.2}% 23
\BOOKMARK [2][-]{subsection.2.4}{Client\040Application\040design}{section.2}% 24
\BOOKMARK [2][-]{subsection.2.5}{Communication\040between\040machines}{section.2}% 25
\BOOKMARK [1][-]{section.3}{Experimental\040design}{}% 26
\BOOKMARK [2][-]{subsection.3.1}{Scenarios}{section.3}% 27
\BOOKMARK [3][-]{subsubsection.3.1.1}{Learning\040phase}{subsection.3.1}% 28
\BOOKMARK [3][-]{subsubsection.3.1.2}{Scenario\0401}{subsection.3.1}% 29
\BOOKMARK [3][-]{subsubsection.3.1.3}{Scenario\0402}{subsection.3.1}% 30
\BOOKMARK [3][-]{subsubsection.3.1.4}{Scenario\0403}{subsection.3.1}% 31
\BOOKMARK [2][-]{subsection.3.2}{Client's\040interface}{section.3}% 32
\BOOKMARK [2][-]{subsection.3.3}{Human\040Car\040control}{section.3}% 33
\BOOKMARK [2][-]{subsection.3.4}{Modelling\040car\040dynamics}{section.3}% 34
\BOOKMARK [3][-]{subsubsection.3.4.1}{Car\040following\040models}{subsection.3.4}% 35
\BOOKMARK [3][-]{subsubsection.3.4.2}{Autonomous\040Car\040model}{subsection.3.4}% 36
\BOOKMARK [3][-]{subsubsection.3.4.3}{Comparison\040with\040human\040driver}{subsection.3.4}% 37
\BOOKMARK [2][-]{subsection.3.5}{Experiment\040execution}{section.3}% 38
\BOOKMARK [3][-]{subsubsection.3.5.1}{Questionnaire}{subsection.3.5}% 39
\BOOKMARK [3][-]{subsubsection.3.5.2}{Minutes}{subsection.3.5}% 40
\BOOKMARK [1][-]{section.4}{Experiment\040results}{}% 41
\BOOKMARK [2][-]{subsection.4.1}{Observations}{section.4}% 42
\BOOKMARK [3][-]{subsubsection.4.1.1}{Decelerations\040mapping}{subsection.4.1}% 43
\BOOKMARK [3][-]{subsubsection.4.1.2}{Evaluation\040of\040participants'\040performance}{subsection.4.1}% 44
\BOOKMARK [3][-]{subsubsection.4.1.3}{Conflicts\040resolution}{subsection.4.1}% 45
\BOOKMARK [3][-]{subsubsection.4.1.4}{Reaction\040times}{subsection.4.1}% 46
\BOOKMARK [3][-]{subsubsection.4.1.5}{***other\040observations..\(TO\040DO\)}{subsection.4.1}% 47
\BOOKMARK [2][-]{subsection.4.2}{Hypotheses}{section.4}% 48
\BOOKMARK [3][-]{subsubsection.4.2.1}{Hypothesis:\040Autonomous\040cars\040reduce\040number\040of\040accidents}{subsection.4.2}% 49
\BOOKMARK [3][-]{subsubsection.4.2.2}{Hypothesis:\040Autonomous\040cars\040smoothed\040out\040traffic}{subsection.4.2}% 50
\BOOKMARK [3][-]{subsubsection.4.2.3}{Hypothesis:\040Most\040efficient\040traffic\040could\040be\040achieved\040with\040solely\040autonomous\040vehicle}{subsection.4.2}% 51
\BOOKMARK [3][-]{subsubsection.4.2.4}{Hypothesis:\040Interactions\040were\040better\040between\040two\040human\040drivers\040rather\040than\040human\040and\040autonomous}{subsection.4.2}% 52
\BOOKMARK [1][-]{section.5}{Conclusions}{}% 53
